Added Component: Designator=C1(Cap-0603)
Added Component: Designator=C2(Cap-0603)
Added Component: Designator=C3(CAP_TAN_3216_A)
Added Component: Designator=K?(SW-SMD-3X6X2.5)
Added Component: Designator=P0(Header 2.54X8)
Added Component: Designator=P1(Header 2.54X8)
Added Component: Designator=P2(Header 2.54X8)
Added Component: Designator=P3(Header 2.54X8)
Added Component: Designator=R1(R-0603)
Added Component: Designator=RN1(RES-ARRAY-SMD_0402-8P-L2.0-W1.0-BL)
Add component (AddParameter): Name = "BOM_JLCPCB Part Class"; Value = "Extended Part"; VariantName = "[No Variations]"
Add component (AddParameter): Name = "BOM_Manufacturer"; Value = "RALEC"; VariantName = "[No Variations]"
Add component (AddParameter): Name = "BOM_Manufacturer Part"; Value = "RTA02-4D472JTH"; VariantName = "[No Variations]"
Add component (AddParameter): Name = "BOM_Supplier"; Value = "LCSC"; VariantName = "[No Variations]"
Add component (AddParameter): Name = "BOM_Supplier Part"; Value = "C102638"; VariantName = "[No Variations]"
Add component (AddParameter): Name = "nameAlias"; Value = "Resistance"; VariantName = "[No Variations]"
Add component (AddParameter): Name = "Resistance (Ohms)"; Value = "4.7K"; VariantName = "[No Variations]"
Add component (AddParameter): Name = "spicePre"; Value = "R"; VariantName = "[No Variations]"
Add component (AddParameter): Name = "spiceSymbolName"; Value = "RTA02-4D472JTH"; VariantName = "[No Variations]"
Added Component: Designator=RN2(RES-ARRAY-SMD_0402-8P-L2.0-W1.0-BL)
Add component (AddParameter): Name = "BOM_JLCPCB Part Class"; Value = "Extended Part"; VariantName = "[No Variations]"
Add component (AddParameter): Name = "BOM_Manufacturer"; Value = "RALEC"; VariantName = "[No Variations]"
Add component (AddParameter): Name = "BOM_Manufacturer Part"; Value = "RTA02-4D472JTH"; VariantName = "[No Variations]"
Add component (AddParameter): Name = "BOM_Supplier"; Value = "LCSC"; VariantName = "[No Variations]"
Add component (AddParameter): Name = "BOM_Supplier Part"; Value = "C102638"; VariantName = "[No Variations]"
Add component (AddParameter): Name = "nameAlias"; Value = "Resistance"; VariantName = "[No Variations]"
Add component (AddParameter): Name = "Resistance (Ohms)"; Value = "4.7K"; VariantName = "[No Variations]"
Add component (AddParameter): Name = "spicePre"; Value = "R"; VariantName = "[No Variations]"
Add component (AddParameter): Name = "spiceSymbolName"; Value = "RTA02-4D472JTH"; VariantName = "[No Variations]"
Added Component: Designator=U1(STC89C52RC-40I-LQFP44)
Add component (AddParameter): Name = "BOM_JLCPCB Part Class"; Value = "Extended Part"; VariantName = "[No Variations]"
Add component (AddParameter): Name = "BOM_Manufacturer"; Value = "STC"; VariantName = "[No Variations]"
Add component (AddParameter): Name = "BOM_Manufacturer Part"; Value = "STC89C52RC-40I"; VariantName = "[No Variations]"
Add component (AddParameter): Name = "BOM_Supplier"; Value = "LCSC"; VariantName = "[No Variations]"
Add component (AddParameter): Name = "BOM_Supplier Part"; Value = "C8707"; VariantName = "[No Variations]"
Add component (AddParameter): Name = "spicePre"; Value = "U"; VariantName = "[No Variations]"
Add component (AddParameter): Name = "spiceSymbolName"; Value = "STC89C52RC-40I_C8707"; VariantName = "[No Variations]"
Added Component: Designator=X(OSC HC-49S)
Added Pin To Net: NetName=GND Pin=C1-1
Added Pin To Net: NetName=X1 Pin=C1-2
Added Pin To Net: NetName=GND Pin=C2-1
Added Pin To Net: NetName=X2 Pin=C2-2
Added Pin To Net: NetName=RST Pin=C3-1
Added Pin To Net: NetName=VCC Pin=C3-2
Added Pin To Net: NetName=VCC Pin=K?-1
Added Pin To Net: NetName=RST Pin=K?-3
Added Pin To Net: NetName=NetP0_1 Pin=P0-1
Added Pin To Net: NetName=NetP0_2 Pin=P0-2
Added Pin To Net: NetName=NetP0_3 Pin=P0-3
Added Pin To Net: NetName=NetP0_4 Pin=P0-4
Added Pin To Net: NetName=NetP0_5 Pin=P0-5
Added Pin To Net: NetName=NetP0_6 Pin=P0-6
Added Pin To Net: NetName=NetP0_7 Pin=P0-7
Added Pin To Net: NetName=NetP0_8 Pin=P0-8
Added Pin To Net: NetName=P1.7 Pin=P1-1
Added Pin To Net: NetName=P1.6 Pin=P1-2
Added Pin To Net: NetName=P1.5 Pin=P1-3
Added Pin To Net: NetName=P1.4 Pin=P1-4
Added Pin To Net: NetName=P1.3 Pin=P1-5
Added Pin To Net: NetName=P1.2 Pin=P1-6
Added Pin To Net: NetName=P1.1 Pin=P1-7
Added Pin To Net: NetName=P1.0 Pin=P1-8
Added Pin To Net: NetName=P2.7 Pin=P2-1
Added Pin To Net: NetName=P2.6 Pin=P2-2
Added Pin To Net: NetName=P2.5 Pin=P2-3
Added Pin To Net: NetName=P2.4 Pin=P2-4
Added Pin To Net: NetName=P2.3 Pin=P2-5
Added Pin To Net: NetName=P2.2 Pin=P2-6
Added Pin To Net: NetName=P2.1 Pin=P2-7
Added Pin To Net: NetName=P2.0 Pin=P2-8
Added Pin To Net: NetName=P3.7 Pin=P3-1
Added Pin To Net: NetName=P3.6 Pin=P3-2
Added Pin To Net: NetName=P3.5 Pin=P3-3
Added Pin To Net: NetName=P3.4 Pin=P3-4
Added Pin To Net: NetName=P3.3 Pin=P3-5
Added Pin To Net: NetName=P3.2 Pin=P3-6
Added Pin To Net: NetName=TXD Pin=P3-7
Added Pin To Net: NetName=RXD Pin=P3-8
Added Pin To Net: NetName=GND Pin=R1-1
Added Pin To Net: NetName=RST Pin=R1-2
Added Pin To Net: NetName=P0.3 Pin=RN1-1
Added Pin To Net: NetName=P0.2 Pin=RN1-2
Added Pin To Net: NetName=P0.1 Pin=RN1-3
Added Pin To Net: NetName=P0.0 Pin=RN1-4
Added Pin To Net: NetName=NetP0_8 Pin=RN1-5
Added Pin To Net: NetName=NetP0_7 Pin=RN1-6
Added Pin To Net: NetName=NetP0_6 Pin=RN1-7
Added Pin To Net: NetName=NetP0_5 Pin=RN1-8
Added Pin To Net: NetName=P0.7 Pin=RN2-1
Added Pin To Net: NetName=P0.6 Pin=RN2-2
Added Pin To Net: NetName=P0.5 Pin=RN2-3
Added Pin To Net: NetName=P0.4 Pin=RN2-4
Added Pin To Net: NetName=NetP0_4 Pin=RN2-5
Added Pin To Net: NetName=NetP0_3 Pin=RN2-6
Added Pin To Net: NetName=NetP0_2 Pin=RN2-7
Added Pin To Net: NetName=NetP0_1 Pin=RN2-8
Added Pin To Net: NetName=P1.5 Pin=U1-1
Added Pin To Net: NetName=P1.6 Pin=U1-2
Added Pin To Net: NetName=P1.7 Pin=U1-3
Added Pin To Net: NetName=RST Pin=U1-4
Added Pin To Net: NetName=RXD Pin=U1-5
Added Pin To Net: NetName=P4.3 Pin=U1-6
Added Pin To Net: NetName=TXD Pin=U1-7
Added Pin To Net: NetName=P3.2 Pin=U1-8
Added Pin To Net: NetName=P3.3 Pin=U1-9
Added Pin To Net: NetName=P3.4 Pin=U1-10
Added Pin To Net: NetName=P3.5 Pin=U1-11
Added Pin To Net: NetName=P3.6 Pin=U1-12
Added Pin To Net: NetName=P3.7 Pin=U1-13
Added Pin To Net: NetName=X2 Pin=U1-14
Added Pin To Net: NetName=X1 Pin=U1-15
Added Pin To Net: NetName=GND Pin=U1-16
Added Pin To Net: NetName=P4.0 Pin=U1-17
Added Pin To Net: NetName=P2.0 Pin=U1-18
Added Pin To Net: NetName=P2.1 Pin=U1-19
Added Pin To Net: NetName=P2.2 Pin=U1-20
Added Pin To Net: NetName=P2.3 Pin=U1-21
Added Pin To Net: NetName=P2.4 Pin=U1-22
Added Pin To Net: NetName=P2.5 Pin=U1-23
Added Pin To Net: NetName=P2.6 Pin=U1-24
Added Pin To Net: NetName=P2.7 Pin=U1-25
Added Pin To Net: NetName=P4.4 Pin=U1-26
Added Pin To Net: NetName=P4.5 Pin=U1-27
Added Pin To Net: NetName=P4.1 Pin=U1-28
Added Pin To Net: NetName=P4.6 Pin=U1-29
Added Pin To Net: NetName=P0.7 Pin=U1-30
Added Pin To Net: NetName=P0.6 Pin=U1-31
Added Pin To Net: NetName=P0.5 Pin=U1-32
Added Pin To Net: NetName=P0.4 Pin=U1-33
Added Pin To Net: NetName=P0.3 Pin=U1-34
Added Pin To Net: NetName=P0.2 Pin=U1-35
Added Pin To Net: NetName=P0.1 Pin=U1-36
Added Pin To Net: NetName=P0.0 Pin=U1-37
Added Pin To Net: NetName=VCC Pin=U1-38
Added Pin To Net: NetName=P4.2 Pin=U1-39
Added Pin To Net: NetName=P1.0 Pin=U1-40
Added Pin To Net: NetName=P1.1 Pin=U1-41
Added Pin To Net: NetName=P1.2 Pin=U1-42
Added Pin To Net: NetName=P1.3 Pin=U1-43
Added Pin To Net: NetName=P1.4 Pin=U1-44
Added Pin To Net: NetName=X1 Pin=X-1
Added Pin To Net: NetName=X2 Pin=X-2
Added Member To Class: ClassName=stc89c52 Member=Component C1 22pf
Added Member To Class: ClassName=stc89c52 Member=Component C2 22pf
Added Member To Class: ClassName=stc89c52 Member=Component C3 10uf
Added Member To Class: ClassName=stc89c52 Member=Component K? KEY
Added Member To Class: ClassName=stc89c52 Member=Component P0 Header_8
Added Member To Class: ClassName=stc89c52 Member=Component P1 Header_8
Added Member To Class: ClassName=stc89c52 Member=Component P2 Header_8
Added Member To Class: ClassName=stc89c52 Member=Component P3 Header_8
Added Member To Class: ClassName=stc89c52 Member=Component R1 10K
Added Member To Class: ClassName=stc89c52 Member=Component RN1 4.7k¦¸
Added Member To Class: ClassName=stc89c52 Member=Component RN2 4.7k¦¸
Added Member To Class: ClassName=stc89c52 Member=Component U1 STC89C52RC-40I_C8707
Added Member To Class: ClassName=stc89c52 Member=Component X 12MHz
Added Room: Name=stc89c52
