Removed Pin From Net: NetName=P05 Pin=-1
Removed Pin From Net: NetName=P07 Pin=-2
Removed Pin From Net: NetName=P06 Pin=-21
Removed Pin From Net: NetName=P04 Pin=-22
Change Component Designator: OldDesignator= NewDesignator=K?
Change Component Designator: OldDesignator= NewDesignator=P1
Change Component Designator: OldDesignator= NewDesignator=P2
Added Component: Designator=D?(LED_0805_W)
Add component (AddParameter): Name = "ComponentLink1Description"; Value = "供应商链接"; VariantName = "[No Variations]"
Add component (AddParameter): Name = "ComponentLink1URL"; Value = "http://www.szlcsc.com/product/details_2663.html"; VariantName = "[No Variations]"
Add component (AddParameter): Name = "Package"; Value = "0603"; VariantName = "[No Variations]"
Add component (AddParameter): Name = "Supplier"; Value = "LC"; VariantName = "[No Variations]"
Add component (AddParameter): Name = "SuppliersPartNumber"; Value = "C2290"; VariantName = "[No Variations]"
Added Component: Designator=R?(R-0603)
Added Pin To Net: NetName=GND Pin=D?-2
Added Pin To Net: NetName=P0.5 Pin=P1-1
Added Pin To Net: NetName=P0.7 Pin=P1-2
Added Pin To Net: NetName=P0.6 Pin=P1-21
Added Pin To Net: NetName=P0.4 Pin=P1-22
Added Pin To Net: NetName=VCC Pin=R?-1
Added Pin To Net: NetName=NetD?_1 Pin=D?-1
Added Pin To Net: NetName=NetD?_1 Pin=R?-2
Added Net: Name=NetD?_1
Added Member To Class: ClassName=stc89c52 Member=Component D? LED_SMD_WHITE
Added Member To Class: ClassName=stc89c52 Member=Component K? KEY
Added Member To Class: ClassName=stc89c52 Member=Component P1 Header_2X11
Added Member To Class: ClassName=stc89c52 Member=Component P2 Header_2X11
Added Member To Class: ClassName=stc89c52 Member=Component R1 10K
Added Member To Class: ClassName=stc89c52 Member=Component R? RES
Added Room: Name=stc89c52
